# JRE version: OpenJDK Runtime Environment (8.0_362-b08) (build 1.8.0_362-b08)
# Java VM: OpenJDK 64-Bit Server VM (25.362-b08 mixed mode windows-amd64 compressed oops)
Heap:
 PSYoungGen      total 654848K, used 82025K [0x00000000d5900000, 0x00000000ffd80000, 0x0000000100000000)
  eden space 616960K, 9% used [0x00000000d5900000,0x00000000d93b1bc8,0x00000000fb380000)
  from space 37888K, 57% used [0x00000000fb380000,0x00000000fc8e8c30,0x00000000fd880000)
  to   space 36864K, 0% used [0x00000000fd980000,0x00000000fd980000,0x00000000ffd80000)
 ParOldGen       total 621568K, used 499783K [0x0000000080a00000, 0x00000000a6900000, 0x00000000d5900000)
  object space 621568K, 80% used [0x0000000080a00000,0x000000009f211d28,0x00000000a6900000)
 Metaspace       used 76106K, capacity 77165K, committed 77568K, reserved 1118208K
  class space    used 8820K, capacity 9097K, committed 9216K, reserved 1048576K
GC Heap History (10 events):
Event: 846.806 GC heap before
{Heap before GC invocations=195 (full 10):
 PSYoungGen      total 652800K, used 629616K [0x00000000d5900000, 0x00000000ffe00000, 0x0000000100000000)
  eden space 612352K, 100% used [0x00000000d5900000,0x00000000faf00000,0x00000000faf00000)
  from space 40448K, 42% used [0x00000000fd680000,0x00000000fe75c280,0x00000000ffe00000)
  to   space 40448K, 0% used [0x00000000faf00000,0x00000000faf00000,0x00000000fd680000)
 ParOldGen       total 621568K, used 495922K [0x0000000080a00000, 0x00000000a6900000, 0x00000000d5900000)
  object space 621568K, 79% used [0x0000000080a00000,0x000000009ee4c848,0x00000000a6900000)
 Metaspace       used 76065K, capacity 77159K, committed 77568K, reserved 1118208K
  class space    used 8819K, capacity 9096K, committed 9216K, reserved 1048576K
Event: 846.815 GC heap after
Heap after GC invocations=195 (full 10):
 PSYoungGen      total 652800K, used 16544K [0x00000000d5900000, 0x00000000fff00000, 0x0000000100000000)
  eden space 612352K, 0% used [0x00000000d5900000,0x00000000d5900000,0x00000000faf00000)
  from space 40448K, 40% used [0x00000000faf00000,0x00000000fbf281f0,0x00000000fd680000)
  to   space 39936K, 0% used [0x00000000fd800000,0x00000000fd800000,0x00000000fff00000)
 ParOldGen       total 621568K, used 496031K [0x0000000080a00000, 0x00000000a6900000, 0x00000000d5900000)
  object space 621568K, 79% used [0x0000000080a00000,0x000000009ee67f38,0x00000000a6900000)
 Metaspace       used 76065K, capacity 77159K, committed 77568K, reserved 1118208K
  class space    used 8819K, capacity 9096K, committed 9216K, reserved 1048576K
}
Event: 851.797 GC heap before
{Heap before GC invocations=196 (full 10):
 PSYoungGen      total 652800K, used 628896K [0x00000000d5900000, 0x00000000fff00000, 0x0000000100000000)
  eden space 612352K, 100% used [0x00000000d5900000,0x00000000faf00000,0x00000000faf00000)
  from space 40448K, 40% used [0x00000000faf00000,0x00000000fbf281f0,0x00000000fd680000)
  to   space 39936K, 0% used [0x00000000fd800000,0x00000000fd800000,0x00000000fff00000)
 ParOldGen       total 621568K, used 496031K [0x0000000080a00000, 0x00000000a6900000, 0x00000000d5900000)
  object space 621568K, 79% used [0x0000000080a00000,0x000000009ee67f38,0x00000000a6900000)
 Metaspace       used 76093K, capacity 77165K, committed 77568K, reserved 1118208K
  class space    used 8820K, capacity 9097K, committed 9216K, reserved 1048576K
Event: 851.806 GC heap after
Heap after GC invocations=196 (full 10):
 PSYoungGen      total 654336K, used 15326K [0x00000000d5900000, 0x00000000ffe80000, 0x0000000100000000)
  eden space 614912K, 0% used [0x00000000d5900000,0x00000000d5900000,0x00000000fb180000)
  from space 39424K, 38% used [0x00000000fd800000,0x00000000fe6f7930,0x00000000ffe80000)
  to   space 39424K, 0% used [0x00000000fb180000,0x00000000fb180000,0x00000000fd800000)
 ParOldGen       total 621568K, used 498383K [0x0000000080a00000, 0x00000000a6900000, 0x00000000d5900000)
  object space 621568K, 80% used [0x0000000080a00000,0x000000009f0b3f38,0x00000000a6900000)
 Metaspace       used 76093K, capacity 77165K, committed 77568K, reserved 1118208K
  class space    used 8820K, capacity 9097K, committed 9216K, reserved 1048576K
}
Event: 857.066 GC heap before
{Heap before GC invocations=197 (full 10):
 PSYoungGen      total 654336K, used 630238K [0x00000000d5900000, 0x00000000ffe80000, 0x0000000100000000)
  eden space 614912K, 100% used [0x00000000d5900000,0x00000000fb180000,0x00000000fb180000)
  from space 39424K, 38% used [0x00000000fd800000,0x00000000fe6f7930,0x00000000ffe80000)
  to   space 39424K, 0% used [0x00000000fb180000,0x00000000fb180000,0x00000000fd800000)
 ParOldGen       total 621568K, used 498383K [0x0000000080a00000, 0x00000000a6900000, 0x00000000d5900000)
  object space 621568K, 80% used [0x0000000080a00000,0x000000009f0b3f38,0x00000000a6900000)
 Metaspace       used 76095K, capacity 77165K, committed 77568K, reserved 1118208K
  class space    used 8820K, capacity 9097K, committed 9216K, reserved 1048576K
Event: 857.074 GC heap after
Heap after GC invocations=197 (full 10):
 PSYoungGen      total 654336K, used 15965K [0x00000000d5900000, 0x00000000ffe00000, 0x0000000100000000)
  eden space 614912K, 0% used [0x00000000d5900000,0x00000000d5900000,0x00000000fb180000)
  from space 39424K, 40% used [0x00000000fb180000,0x00000000fc1176c0,0x00000000fd800000)
  to   space 38400K, 0% used [0x00000000fd880000,0x00000000fd880000,0x00000000ffe00000)
 ParOldGen       total 621568K, used 498471K [0x0000000080a00000, 0x00000000a6900000, 0x00000000d5900000)
  object space 621568K, 80% used [0x0000000080a00000,0x000000009f0c9f38,0x00000000a6900000)
 Metaspace       used 76095K, capacity 77165K, committed 77568K, reserved 1118208K
  class space    used 8820K, capacity 9097K, committed 9216K, reserved 1048576K
}
Event: 862.259 GC heap before
{Heap before GC invocations=198 (full 10):
 PSYoungGen      total 654336K, used 630877K [0x00000000d5900000, 0x00000000ffe00000, 0x0000000100000000)
  eden space 614912K, 100% used [0x00000000d5900000,0x00000000fb180000,0x00000000fb180000)
  from space 39424K, 40% used [0x00000000fb180000,0x00000000fc1176c0,0x00000000fd800000)
  to   space 38400K, 0% used [0x00000000fd880000,0x00000000fd880000,0x00000000ffe00000)
 ParOldGen       total 621568K, used 498471K [0x0000000080a00000, 0x00000000a6900000, 0x00000000d5900000)
  object space 621568K, 80% used [0x0000000080a00000,0x000000009f0c9f38,0x00000000a6900000)
 Metaspace       used 76103K, capacity 77165K, committed 77568K, reserved 1118208K
  class space    used 8820K, capacity 9097K, committed 9216K, reserved 1048576K
Event: 862.267 GC heap after
Heap after GC invocations=198 (full 10):
 PSYoungGen      total 655360K, used 15446K [0x00000000d5900000, 0x00000000ffe00000, 0x0000000100000000)
  eden space 616960K, 0% used [0x00000000d5900000,0x00000000d5900000,0x00000000fb380000)
  from space 38400K, 40% used [0x00000000fd880000,0x00000000fe7958a0,0x00000000ffe00000)
  to   space 37888K, 0% used [0x00000000fb380000,0x00000000fb380000,0x00000000fd880000)
 ParOldGen       total 621568K, used 498551K [0x0000000080a00000, 0x00000000a6900000, 0x00000000d5900000)
  object space 621568K, 80% used [0x0000000080a00000,0x000000009f0ddf38,0x00000000a6900000)
 Metaspace       used 76103K, capacity 77165K, committed 77568K, reserved 1118208K
  class space    used 8820K, capacity 9097K, committed 9216K, reserved 1048576K
}
Event: 867.065 GC heap before
{Heap before GC invocations=199 (full 10):
 PSYoungGen      total 655360K, used 632406K [0x00000000d5900000, 0x00000000ffe00000, 0x0000000100000000)
  eden space 616960K, 100% used [0x00000000d5900000,0x00000000fb380000,0x00000000fb380000)
  from space 38400K, 40% used [0x00000000fd880000,0x00000000fe7958a0,0x00000000ffe00000)
  to   space 37888K, 0% used [0x00000000fb380000,0x00000000fb380000,0x00000000fd880000)
 ParOldGen       total 621568K, used 498551K [0x0000000080a00000, 0x00000000a6900000, 0x00000000d5900000)
  object space 621568K, 80% used [0x0000000080a00000,0x000000009f0ddf38,0x00000000a6900000)
 Metaspace       used 76106K, capacity 77165K, committed 77568K, reserved 1118208K
  class space    used 8820K, capacity 9097K, committed 9216K, reserved 1048576K
Event: 867.075 GC heap after
Heap after GC invocations=199 (full 10):
 PSYoungGen      total 654848K, used 21923K [0x00000000d5900000, 0x00000000ffd80000, 0x0000000100000000)
  eden space 616960K, 0% used [0x00000000d5900000,0x00000000d5900000,0x00000000fb380000)
  from space 37888K, 57% used [0x00000000fb380000,0x00000000fc8e8c30,0x00000000fd880000)
  to   space 36864K, 0% used [0x00000000fd980000,0x00000000fd980000,0x00000000ffd80000)
 ParOldGen       total 621568K, used 499783K [0x0000000080a00000, 0x00000000a6900000, 0x00000000d5900000)
  object space 621568K, 80% used [0x0000000080a00000,0x000000009f211d28,0x00000000a6900000)
 Metaspace       used 76106K, capacity 77165K, committed 77568K, reserved 1118208K
  class space    used 8820K, capacity 9097K, committed 9216K, reserved 1048576K
}

