# JRE version: OpenJDK Runtime Environment (8.0_362-b08) (build 1.8.0_362-b08)
# Java VM: OpenJDK 64-Bit Server VM (25.362-b08 mixed mode windows-amd64 compressed oops)
Heap:
 PSYoungGen      total 548864K, used 318556K [0x00000000d5900000, 0x0000000100000000, 0x0000000100000000)
  eden space 457728K, 49% used [0x00000000d5900000,0x00000000e3777220,0x00000000f1800000)
  from space 91136K, 99% used [0x00000000f1800000,0x00000000f709ff90,0x00000000f7100000)
  to   space 125952K, 0% used [0x00000000f8500000,0x00000000f8500000,0x0000000100000000)
 ParOldGen       total 462336K, used 434827K [0x0000000080a00000, 0x000000009cd80000, 0x00000000d5900000)
  object space 462336K, 94% used [0x0000000080a00000,0x000000009b2a2da8,0x000000009cd80000)
 Metaspace       used 74953K, capacity 75965K, committed 76416K, reserved 1116160K
  class space    used 8771K, capacity 9023K, committed 9088K, reserved 1048576K
GC Heap History (10 events):
Event: 371.513 GC heap before
{Heap before GC invocations=103 (full 8):
 PSYoungGen      total 606208K, used 597360K [0x00000000d5900000, 0x0000000100000000, 0x0000000100000000)
  eden space 532480K, 100% used [0x00000000d5900000,0x00000000f6100000,0x00000000f6100000)
  from space 73728K, 87% used [0x00000000fb800000,0x00000000ff75c220,0x0000000100000000)
  to   space 81408K, 0% used [0x00000000f6100000,0x00000000f6100000,0x00000000fb080000)
 ParOldGen       total 462336K, used 430725K [0x0000000080a00000, 0x000000009cd80000, 0x00000000d5900000)
  object space 462336K, 93% used [0x0000000080a00000,0x000000009aea1770,0x000000009cd80000)
 Metaspace       used 74918K, capacity 75901K, committed 76416K, reserved 1116160K
  class space    used 8770K, capacity 9023K, committed 9088K, reserved 1048576K
Event: 371.566 GC heap after
Heap after GC invocations=103 (full 8):
 PSYoungGen      total 605184K, used 72249K [0x00000000d5900000, 0x0000000100000000, 0x0000000100000000)
  eden space 532480K, 0% used [0x00000000d5900000,0x00000000d5900000,0x00000000f6100000)
  from space 72704K, 99% used [0x00000000f6100000,0x00000000fa78e470,0x00000000fa800000)
  to   space 89600K, 0% used [0x00000000fa880000,0x00000000fa880000,0x0000000100000000)
 ParOldGen       total 462336K, used 430918K [0x0000000080a00000, 0x000000009cd80000, 0x00000000d5900000)
  object space 462336K, 93% used [0x0000000080a00000,0x000000009aed1ac0,0x000000009cd80000)
 Metaspace       used 74918K, capacity 75901K, committed 76416K, reserved 1116160K
  class space    used 8770K, capacity 9023K, committed 9088K, reserved 1048576K
}
Event: 376.734 GC heap before
{Heap before GC invocations=104 (full 8):
 PSYoungGen      total 605184K, used 604729K [0x00000000d5900000, 0x0000000100000000, 0x0000000100000000)
  eden space 532480K, 100% used [0x00000000d5900000,0x00000000f6100000,0x00000000f6100000)
  from space 72704K, 99% used [0x00000000f6100000,0x00000000fa78e470,0x00000000fa800000)
  to   space 89600K, 0% used [0x00000000fa880000,0x00000000fa880000,0x0000000100000000)
 ParOldGen       total 462336K, used 430918K [0x0000000080a00000, 0x000000009cd80000, 0x00000000d5900000)
  object space 462336K, 93% used [0x0000000080a00000,0x000000009aed1b18,0x000000009cd80000)
 Metaspace       used 74942K, capacity 75965K, committed 76416K, reserved 1116160K
  class space    used 8770K, capacity 9023K, committed 9088K, reserved 1048576K
Event: 376.802 GC heap after
Heap after GC invocations=104 (full 8):
 PSYoungGen      total 589312K, used 75411K [0x00000000d5900000, 0x0000000100000000, 0x0000000100000000)
  eden space 499712K, 0% used [0x00000000d5900000,0x00000000d5900000,0x00000000f4100000)
  from space 89600K, 84% used [0x00000000fa880000,0x00000000ff224f58,0x0000000100000000)
  to   space 97792K, 0% used [0x00000000f4100000,0x00000000f4100000,0x00000000fa080000)
 ParOldGen       total 462336K, used 434095K [0x0000000080a00000, 0x000000009cd80000, 0x00000000d5900000)
  object space 462336K, 93% used [0x0000000080a00000,0x000000009b1ebd28,0x000000009cd80000)
 Metaspace       used 74942K, capacity 75965K, committed 76416K, reserved 1116160K
  class space    used 8770K, capacity 9023K, committed 9088K, reserved 1048576K
}
Event: 379.961 GC heap before
{Heap before GC invocations=105 (full 8):
 PSYoungGen      total 589312K, used 575123K [0x00000000d5900000, 0x0000000100000000, 0x0000000100000000)
  eden space 499712K, 100% used [0x00000000d5900000,0x00000000f4100000,0x00000000f4100000)
  from space 89600K, 84% used [0x00000000fa880000,0x00000000ff224f58,0x0000000100000000)
  to   space 97792K, 0% used [0x00000000f4100000,0x00000000f4100000,0x00000000fa080000)
 ParOldGen       total 462336K, used 434095K [0x0000000080a00000, 0x000000009cd80000, 0x00000000d5900000)
  object space 462336K, 93% used [0x0000000080a00000,0x000000009b1ebd28,0x000000009cd80000)
 Metaspace       used 74950K, capacity 75965K, committed 76416K, reserved 1116160K
  class space    used 8770K, capacity 9023K, committed 9088K, reserved 1048576K
Event: 380.023 GC heap after
Heap after GC invocations=105 (full 8):
 PSYoungGen      total 588288K, used 88106K [0x00000000d5900000, 0x0000000100000000, 0x0000000100000000)
  eden space 499712K, 0% used [0x00000000d5900000,0x00000000d5900000,0x00000000f4100000)
  from space 88576K, 99% used [0x00000000f4100000,0x00000000f970aad0,0x00000000f9780000)
  to   space 107008K, 0% used [0x00000000f9780000,0x00000000f9780000,0x0000000100000000)
 ParOldGen       total 462336K, used 434295K [0x0000000080a00000, 0x000000009cd80000, 0x00000000d5900000)
  object space 462336K, 93% used [0x0000000080a00000,0x000000009b21dd58,0x000000009cd80000)
 Metaspace       used 74950K, capacity 75965K, committed 76416K, reserved 1116160K
  class space    used 8770K, capacity 9023K, committed 9088K, reserved 1048576K
}
Event: 382.679 GC heap before
{Heap before GC invocations=106 (full 8):
 PSYoungGen      total 588288K, used 587818K [0x00000000d5900000, 0x0000000100000000, 0x0000000100000000)
  eden space 499712K, 100% used [0x00000000d5900000,0x00000000f4100000,0x00000000f4100000)
  from space 88576K, 99% used [0x00000000f4100000,0x00000000f970aad0,0x00000000f9780000)
  to   space 107008K, 0% used [0x00000000f9780000,0x00000000f9780000,0x0000000100000000)
 ParOldGen       total 462336K, used 434295K [0x0000000080a00000, 0x000000009cd80000, 0x00000000d5900000)
  object space 462336K, 93% used [0x0000000080a00000,0x000000009b21dd58,0x000000009cd80000)
 Metaspace       used 74951K, capacity 75965K, committed 76416K, reserved 1116160K
  class space    used 8770K, capacity 9023K, committed 9088K, reserved 1048576K
Event: 382.735 GC heap after
Heap after GC invocations=106 (full 8):
 PSYoungGen      total 564736K, used 91195K [0x00000000d5900000, 0x0000000100000000, 0x0000000100000000)
  eden space 457728K, 0% used [0x00000000d5900000,0x00000000d5900000,0x00000000f1800000)
  from space 107008K, 85% used [0x00000000f9780000,0x00000000ff08ef90,0x0000000100000000)
  to   space 118784K, 0% used [0x00000000f1800000,0x00000000f1800000,0x00000000f8c00000)
 ParOldGen       total 462336K, used 434574K [0x0000000080a00000, 0x000000009cd80000, 0x00000000d5900000)
  object space 462336K, 93% used [0x0000000080a00000,0x000000009b263b48,0x000000009cd80000)
 Metaspace       used 74951K, capacity 75965K, committed 76416K, reserved 1116160K
  class space    used 8770K, capacity 9023K, committed 9088K, reserved 1048576K
}
Event: 387.015 GC heap before
{Heap before GC invocations=107 (full 8):
 PSYoungGen      total 564736K, used 548923K [0x00000000d5900000, 0x0000000100000000, 0x0000000100000000)
  eden space 457728K, 100% used [0x00000000d5900000,0x00000000f1800000,0x00000000f1800000)
  from space 107008K, 85% used [0x00000000f9780000,0x00000000ff08ef90,0x0000000100000000)
  to   space 118784K, 0% used [0x00000000f1800000,0x00000000f1800000,0x00000000f8c00000)
 ParOldGen       total 462336K, used 434574K [0x0000000080a00000, 0x000000009cd80000, 0x00000000d5900000)
  object space 462336K, 93% used [0x0000000080a00000,0x000000009b263b48,0x000000009cd80000)
 Metaspace       used 74953K, capacity 75965K, committed 76416K, reserved 1116160K
  class space    used 8771K, capacity 9023K, committed 9088K, reserved 1048576K
Event: 387.070 GC heap after
Heap after GC invocations=107 (full 8):
 PSYoungGen      total 548864K, used 90751K [0x00000000d5900000, 0x0000000100000000, 0x0000000100000000)
  eden space 457728K, 0% used [0x00000000d5900000,0x00000000d5900000,0x00000000f1800000)
  from space 91136K, 99% used [0x00000000f1800000,0x00000000f709ff90,0x00000000f7100000)
  to   space 125952K, 0% used [0x00000000f8500000,0x00000000f8500000,0x0000000100000000)
 ParOldGen       total 462336K, used 434827K [0x0000000080a00000, 0x000000009cd80000, 0x00000000d5900000)
  object space 462336K, 94% used [0x0000000080a00000,0x000000009b2a2da8,0x000000009cd80000)
 Metaspace       used 74953K, capacity 75965K, committed 76416K, reserved 1116160K
  class space    used 8771K, capacity 9023K, committed 9088K, reserved 1048576K
}

